<?xml version="1.0" encoding="UTF-8"?>
<testsuite xmlns:xsi="http://www.w3.org/2001/XMLSchema-instance" xsi:noNamespaceSchemaLocation="https://maven.apache.org/surefire/maven-surefire-plugin/xsd/surefire-test-report-3.0.xsd" version="3.0" name="com.todo.adversarial.TodoApiAdversarialTest" time="1.992" tests="20" errors="0" skipped="0" failures="0">
  <properties>
[...]
</properties>
  <testcase name="createWithNullBodyReturns400" classname="com.todo.adversarial.TodoApiAdversarialTest" time="0.292">
    <system-out><![CDATA[15:54:45.928 [main] INFO org.springframework.test.context.support.AnnotationConfigContextLoaderUtils -- Could not detect default configuration classes for test class [com.todo.adversarial.TodoApiAdversarialTest]: TodoApiAdversarialTest does not declare any static, non-private, non-final, nested classes annotated with @Configuration.
15:54:45.965 [main] INFO org.springframework.boot.test.context.SpringBootTestContextBootstrapper -- Found @SpringBootConfiguration com.todo.TodoApplication for test class com.todo.adversarial.TodoApiAdversarialTest

  .   ____          _            __ _ _
 /\\ / ___'_ __ _ _(_)_ __  __ _ \ \ \ \
( ( )\___ | '_ | '_| | '_ \/ _` | \ \ \ \
 \\/  ___)| |_)| | | | | || (_| |  ) ) ) )
  '  |____| .__|_| |_|_| |_\__, | / / / /
 =========|_|==============|___/=/_/_/_/
 :: Spring Boot ::                (v3.2.0)

2026-03-05T15:54:46.076+01:00  INFO 37209 --- [           main] c.t.adversarial.TodoApiAdversarialTest   : Starting TodoApiAdversarialTest using Java 25 with PID 37209 (started by kevin.voss in /private/var/folders/bc/d7q68fzn263b00mjhv4tdk5w0000gp/T/ai-worker-workspace/88bf2ea4-09b8-4c4f-96b5-c840b825285e/backend)
2026-03-05T15:54:46.076+01:00  INFO 37209 --- [           main] c.t.adversarial.TodoApiAdversarialTest   : No active profile set, falling back to 1 default profile: "default"
2026-03-05T15:54:46.254+01:00  INFO 37209 --- [           main] .s.d.r.c.RepositoryConfigurationDelegate : Bootstrapping Spring Data JPA repositories in DEFAULT mode.
2026-03-05T15:54:46.272+01:00  INFO 37209 --- [           main] .s.d.r.c.RepositoryConfigurationDelegate : Finished Spring Data repository scanning in 15 ms. Found 1 JPA repository interface.
2026-03-05T15:54:46.450+01:00  INFO 37209 --- [           main] o.s.b.w.embedded.tomcat.TomcatWebServer  : Tomcat initialized with port 0 (http)
2026-03-05T15:54:46.454+01:00  INFO 37209 --- [           main] o.apache.catalina.core.StandardService   : Starting service [Tomcat]
2026-03-05T15:54:46.454+01:00  INFO 37209 --- [           main] o.apache.catalina.core.StandardEngine    : Starting Servlet engine: [Apache Tomcat/10.1.16]
2026-03-05T15:54:46.472+01:00  INFO 37209 --- [           main] o.a.c.c.C.[Tomcat].[localhost].[/]       : Initializing Spring embedded WebApplicationContext
2026-03-05T15:54:46.472+01:00  INFO 37209 --- [           main] w.s.c.ServletWebServerApplicationContext : Root WebApplicationContext: initialization completed in 391 ms
2026-03-05T15:54:46.485+01:00  INFO 37209 --- [           main] com.zaxxer.hikari.HikariDataSource       : HikariPool-1 - Starting...
2026-03-05T15:54:46.547+01:00  INFO 37209 --- [           main] com.zaxxer.hikari.pool.HikariPool        : HikariPool-1 - Added connection conn0: url=jdbc:h2:mem:tododb user=SA
2026-03-05T15:54:46.547+01:00  INFO 37209 --- [           main] com.zaxxer.hikari.HikariDataSource       : HikariPool-1 - Start completed.
2026-03-05T15:54:46.552+01:00  INFO 37209 --- [           main] o.s.b.a.h2.H2ConsoleAutoConfiguration    : H2 console available at '/h2-console'. Database available at 'jdbc:h2:mem:tododb'
2026-03-05T15:54:46.605+01:00  INFO 37209 --- [           main] o.hibernate.jpa.internal.util.LogHelper  : HHH000204: Processing PersistenceUnitInfo [name: default]
2026-03-05T15:54:46.621+01:00  INFO 37209 --- [           main] org.hibernate.Version                    : HHH000412: Hibernate ORM core version 6.3.1.Final
2026-03-05T15:54:46.631+01:00  INFO 37209 --- [           main] o.h.c.internal.RegionFactoryInitiator    : HHH000026: Second-level cache disabled
2026-03-05T15:54:46.699+01:00  INFO 37209 --- [           main] o.s.o.j.p.SpringPersistenceUnitInfo      : No LoadTimeWeaver setup: ignoring JPA class transformer
2026-03-05T15:54:46.972+01:00  INFO 37209 --- [           main] o.h.e.t.j.p.i.JtaPlatformInitiator       : HHH000489: No JTA platform available (set 'hibernate.transaction.jta.platform' to enable JTA platform integration)
2026-03-05T15:54:46.982+01:00  INFO 37209 --- [           main] j.LocalContainerEntityManagerFactoryBean : Initialized JPA EntityManagerFactory for persistence unit 'default'
2026-03-05T15:54:47.063+01:00  WARN 37209 --- [           main] JpaBaseConfiguration$JpaWebConfiguration : spring.jpa.open-in-view is enabled by default. Therefore, database queries may be performed during view rendering. Explicitly configure spring.jpa.open-in-view to disable this warning
2026-03-05T15:54:47.187+01:00  INFO 37209 --- [           main] o.s.b.w.embedded.tomcat.TomcatWebServer  : Tomcat started on port 55163 (http) with context path ''
2026-03-05T15:54:47.190+01:00  INFO 37209 --- [           main] c.t.adversarial.TodoApiAdversarialTest   : Started TodoApiAdversarialTest in 1.187 seconds (process running for 1.5)
2026-03-05T15:54:47.452+01:00  INFO 37209 --- [o-auto-1-exec-1] o.a.c.c.C.[Tomcat].[localhost].[/]       : Initializing Spring DispatcherServlet 'dispatcherServlet'
2026-03-05T15:54:47.453+01:00  INFO 37209 --- [o-auto-1-exec-1] o.s.web.servlet.DispatcherServlet        : Initializing Servlet 'dispatcherServlet'
2026-03-05T15:54:47.453+01:00  INFO 37209 --- [o-auto-1-exec-1] o.s.web.servlet.DispatcherServlet        : Completed initialization in 0 ms
2026-03-05T15:54:47.466+01:00  WARN 37209 --- [o-auto-1-exec-1] .w.s.m.s.DefaultHandlerExceptionResolver : Resolved [org.springframework.http.converter.HttpMessageNotReadableException: Required request body is missing: public org.springframework.http.ResponseEntity<com.todo.entity.Todo> com.todo.controller.TodoController.create(java.util.Map<java.lang.String, java.lang.String>)]
]]></system-out>
    <system-err><![CDATA[WARNING: A Java agent has been loaded dynamically (/Users/kevin.voss/.m2/repository/net/bytebuddy/byte-buddy-agent/1.14.10/byte-buddy-agent-1.14.10.jar)
WARNING: If a serviceability tool is in use, please run with -XX:+EnableDynamicAgentLoading to hide this warning
WARNING: If a serviceability tool is not in use, please run with -Djdk.instrument.traceUsage for more information
WARNING: Dynamic loading of agents will be disallowed by default in a future release
]]></system-err>
  </testcase>
  <testcase name="createWithMissingTitleKeyReturns400" classname="com.todo.adversarial.TodoApiAdversarialTest" time="0.011"/>
  <testcase name="createWithNullTitleReturns400" classname="com.todo.adversarial.TodoApiAdversarialTest" time="0.003"/>
  <testcase name="createWithNonStringTitleReturns400OrHandlesGracefully" classname="com.todo.adversarial.TodoApiAdversarialTest" time="0.026"/>
  <testcase name="createWithMalformedJsonReturns400" classname="com.todo.adversarial.TodoApiAdversarialTest" time="0.004">
    <system-out><![CDATA[2026-03-05T15:54:47.532+01:00  WARN 37209 --- [o-auto-1-exec-5] .w.s.m.s.DefaultHandlerExceptionResolver : Resolved [org.springframework.http.converter.HttpMessageNotReadableException: JSON parse error: Unexpected character ('i' (code 105)): was expecting double-quote to start field name]
]]></system-out>
  </testcase>
  <testcase name="updateWithEmptyTitleReturns400" classname="com.todo.adversarial.TodoApiAdversarialTest" time="0.006"/>
  <testcase name="getWithNegativeIdReturns404Or400" classname="com.todo.adversarial.TodoApiAdversarialTest" time="0.013"/>
  <testcase name="getWithZeroIdReturns404Or400" classname="com.todo.adversarial.TodoApiAdversarialTest" time="0.002"/>
  <testcase name="getWithNonNumericIdReturns404Or400" classname="com.todo.adversarial.TodoApiAdversarialTest" time="0.003">
    <system-out><![CDATA[2026-03-05T15:54:47.558+01:00  WARN 37209 --- [-auto-1-exec-10] .w.s.m.s.DefaultHandlerExceptionResolver : Resolved [org.springframework.web.method.annotation.MethodArgumentTypeMismatchException: Failed to convert value of type 'java.lang.String' to required type 'java.lang.Long'; For input string: "abc"]
]]></system-out>
  </testcase>
  <testcase name="getWithVeryLargeIdReturns404" classname="com.todo.adversarial.TodoApiAdversarialTest" time="0.003"/>
  <testcase name="getWithPathTraversalAttemptReturns404Or400" classname="com.todo.adversarial.TodoApiAdversarialTest" time="0.004"/>
  <testcase name="createWithVeryLongTitleHandlesGracefully" classname="com.todo.adversarial.TodoApiAdversarialTest" time="0.003"/>
  <testcase name="createWithUnicodeAndSpecialCharsSucceeds" classname="com.todo.adversarial.TodoApiAdversarialTest" time="0.003"/>
  <testcase name="createWithSingleCharacterTitleSucceeds" classname="com.todo.adversarial.TodoApiAdversarialTest" time="0.005"/>
  <testcase name="updateWithCompletedAsStringHandlesGracefully" classname="com.todo.adversarial.TodoApiAdversarialTest" time="0.008"/>
  <testcase name="concurrentCreatesDoNotCorruptData" classname="com.todo.adversarial.TodoApiAdversarialTest" time="0.011"/>
  <testcase name="concurrentUpdatesToSameTodoDoNotCorruptData" classname="com.todo.adversarial.TodoApiAdversarialTest" time="0.015"/>
  <testcase name="concurrentDeleteAndUpdateHandlesGracefully" classname="com.todo.adversarial.TodoApiAdversarialTest" time="0.105"/>
  <testcase name="rapidBulkCreateHandlesGracefully" classname="com.todo.adversarial.TodoApiAdversarialTest" time="0.148"/>
  <testcase name="updateWithNullBodyReturns200WithUnchangedTodo" classname="com.todo.adversarial.TodoApiAdversarialTest" time="0.005"/>
</testsuite>